# JRE version: Java(TM) SE Runtime Environment (8.0_121-b13) (build 1.8.0_121-b13)
# Java VM: Java HotSpot(TM) 64-Bit Server VM (25.121-b13 mixed mode windows-amd64 compressed oops)
Heap:
 PSYoungGen      total 138240K, used 23016K [0x00000000d5d00000, 0x00000000e1880000, 0x0000000100000000)
  eden space 133120K, 17% used [0x00000000d5d00000,0x00000000d737a3e8,0x00000000ddf00000)
  from space 5120K, 0% used [0x00000000ddf00000,0x00000000ddf00000,0x00000000de400000)
  to   space 14848K, 0% used [0x00000000e0a00000,0x00000000e0a00000,0x00000000e1880000)
 ParOldGen       total 102400K, used 18760K [0x0000000081600000, 0x0000000087a00000, 0x00000000d5d00000)
  object space 102400K, 18% used [0x0000000081600000,0x0000000082852160,0x0000000087a00000)
 Metaspace       used 35745K, capacity 37424K, committed 37672K, reserved 1081344K
  class space    used 4692K, capacity 4998K, committed 5120K, reserved 1048576K
GC Heap History (10 events):
Event: 1.895 GC heap before
{Heap before GC invocations=3 (full 0):
 PSYoungGen      total 71680K, used 38080K [0x00000000d5d00000, 0x00000000da800000, 0x0000000100000000)
  eden space 66560K, 49% used [0x00000000d5d00000,0x00000000d7d32490,0x00000000d9e00000)
  from space 5120K, 99% used [0x00000000da300000,0x00000000da7fdcb8,0x00000000da800000)
  to   space 5120K, 0% used [0x00000000d9e00000,0x00000000d9e00000,0x00000000da300000)
 ParOldGen       total 87552K, used 2549K [0x0000000081600000, 0x0000000086b80000, 0x00000000d5d00000)
  object space 87552K, 2% used [0x0000000081600000,0x000000008187d6f8,0x0000000086b80000)
 Metaspace       used 20643K, capacity 21210K, committed 21296K, reserved 1067008K
  class space    used 2736K, capacity 2911K, committed 2944K, reserved 1048576K
Event: 1.904 GC heap after
Heap after GC invocations=3 (full 0):
 PSYoungGen      total 71680K, used 5104K [0x00000000d5d00000, 0x00000000de900000, 0x0000000100000000)
  eden space 66560K, 0% used [0x00000000d5d00000,0x00000000d5d00000,0x00000000d9e00000)
  from space 5120K, 99% used [0x00000000d9e00000,0x00000000da2fc010,0x00000000da300000)
  to   space 5120K, 0% used [0x00000000de400000,0x00000000de400000,0x00000000de900000)
 ParOldGen       total 87552K, used 6214K [0x0000000081600000, 0x0000000086b80000, 0x00000000d5d00000)
  object space 87552K, 7% used [0x0000000081600000,0x0000000081c119b0,0x0000000086b80000)
 Metaspace       used 20643K, capacity 21210K, committed 21296K, reserved 1067008K
  class space    used 2736K, capacity 2911K, committed 2944K, reserved 1048576K
}
Event: 1.905 GC heap before
{Heap before GC invocations=4 (full 1):
 PSYoungGen      total 71680K, used 5104K [0x00000000d5d00000, 0x00000000de900000, 0x0000000100000000)
  eden space 66560K, 0% used [0x00000000d5d00000,0x00000000d5d00000,0x00000000d9e00000)
  from space 5120K, 99% used [0x00000000d9e00000,0x00000000da2fc010,0x00000000da300000)
  to   space 5120K, 0% used [0x00000000de400000,0x00000000de400000,0x00000000de900000)
 ParOldGen       total 87552K, used 6214K [0x0000000081600000, 0x0000000086b80000, 0x00000000d5d00000)
  object space 87552K, 7% used [0x0000000081600000,0x0000000081c119b0,0x0000000086b80000)
 Metaspace       used 20643K, capacity 21210K, committed 21296K, reserved 1067008K
  class space    used 2736K, capacity 2911K, committed 2944K, reserved 1048576K
Event: 1.941 GC heap after
Heap after GC invocations=4 (full 1):
 PSYoungGen      total 71680K, used 0K [0x00000000d5d00000, 0x00000000de900000, 0x0000000100000000)
  eden space 66560K, 0% used [0x00000000d5d00000,0x00000000d5d00000,0x00000000d9e00000)
  from space 5120K, 0% used [0x00000000d9e00000,0x00000000d9e00000,0x00000000da300000)
  to   space 5120K, 0% used [0x00000000de400000,0x00000000de400000,0x00000000de900000)
 ParOldGen       total 59392K, used 8559K [0x0000000081600000, 0x0000000085000000, 0x00000000d5d00000)
  object space 59392K, 14% used [0x0000000081600000,0x0000000081e5bdf0,0x0000000085000000)
 Metaspace       used 20639K, capacity 21198K, committed 21296K, reserved 1067008K
  class space    used 2735K, capacity 2909K, committed 2944K, reserved 1048576K
}
Event: 2.671 GC heap before
{Heap before GC invocations=5 (full 1):
 PSYoungGen      total 71680K, used 66560K [0x00000000d5d00000, 0x00000000de900000, 0x0000000100000000)
  eden space 66560K, 100% used [0x00000000d5d00000,0x00000000d9e00000,0x00000000d9e00000)
  from space 5120K, 0% used [0x00000000d9e00000,0x00000000d9e00000,0x00000000da300000)
  to   space 5120K, 0% used [0x00000000de400000,0x00000000de400000,0x00000000de900000)
 ParOldGen       total 59392K, used 8559K [0x0000000081600000, 0x0000000085000000, 0x00000000d5d00000)
  object space 59392K, 14% used [0x0000000081600000,0x0000000081e5bdf0,0x0000000085000000)
 Metaspace       used 26776K, capacity 27968K, committed 28160K, reserved 1073152K
  class space    used 3544K, capacity 3772K, committed 3840K, reserved 1048576K
Event: 2.680 GC heap after
Heap after GC invocations=5 (full 1):
 PSYoungGen      total 109568K, used 5116K [0x00000000d5d00000, 0x00000000de900000, 0x0000000100000000)
  eden space 104448K, 0% used [0x00000000d5d00000,0x00000000d5d00000,0x00000000dc300000)
  from space 5120K, 99% used [0x00000000de400000,0x00000000de8ff0f8,0x00000000de900000)
  to   space 5120K, 0% used [0x00000000ddf00000,0x00000000ddf00000,0x00000000de400000)
 ParOldGen       total 59392K, used 12507K [0x0000000081600000, 0x0000000085000000, 0x00000000d5d00000)
  object space 59392K, 21% used [0x0000000081600000,0x0000000082236f58,0x0000000085000000)
 Metaspace       used 26776K, capacity 27968K, committed 28160K, reserved 1073152K
  class space    used 3544K, capacity 3772K, committed 3840K, reserved 1048576K
}
Event: 4.120 GC heap before
{Heap before GC invocations=6 (full 1):
 PSYoungGen      total 109568K, used 82224K [0x00000000d5d00000, 0x00000000de900000, 0x0000000100000000)
  eden space 104448K, 73% used [0x00000000d5d00000,0x00000000da84d098,0x00000000dc300000)
  from space 5120K, 99% used [0x00000000de400000,0x00000000de8ff0f8,0x00000000de900000)
  to   space 5120K, 0% used [0x00000000ddf00000,0x00000000ddf00000,0x00000000de400000)
 ParOldGen       total 59392K, used 12507K [0x0000000081600000, 0x0000000085000000, 0x00000000d5d00000)
  object space 59392K, 21% used [0x0000000081600000,0x0000000082236f58,0x0000000085000000)
 Metaspace       used 34012K, capacity 35480K, committed 35496K, reserved 1081344K
  class space    used 4451K, capacity 4730K, committed 4736K, reserved 1048576K
Event: 4.149 GC heap after
Heap after GC invocations=6 (full 1):
 PSYoungGen      total 138240K, used 5104K [0x00000000d5d00000, 0x00000000e1880000, 0x0000000100000000)
  eden space 133120K, 0% used [0x00000000d5d00000,0x00000000d5d00000,0x00000000ddf00000)
  from space 5120K, 99% used [0x00000000ddf00000,0x00000000de3fc030,0x00000000de400000)
  to   space 14848K, 0% used [0x00000000e0a00000,0x00000000e0a00000,0x00000000e1880000)
 ParOldGen       total 59392K, used 21937K [0x0000000081600000, 0x0000000085000000, 0x00000000d5d00000)
  object space 59392K, 36% used [0x0000000081600000,0x0000000082b6c5e8,0x0000000085000000)
 Metaspace       used 34012K, capacity 35480K, committed 35496K, reserved 1081344K
  class space    used 4451K, capacity 4730K, committed 4736K, reserved 1048576K
}
Event: 4.150 GC heap before
{Heap before GC invocations=7 (full 2):
 PSYoungGen      total 138240K, used 5104K [0x00000000d5d00000, 0x00000000e1880000, 0x0000000100000000)
  eden space 133120K, 0% used [0x00000000d5d00000,0x00000000d5d00000,0x00000000ddf00000)
  from space 5120K, 99% used [0x00000000ddf00000,0x00000000de3fc030,0x00000000de400000)
  to   space 14848K, 0% used [0x00000000e0a00000,0x00000000e0a00000,0x00000000e1880000)
 ParOldGen       total 59392K, used 21937K [0x0000000081600000, 0x0000000085000000, 0x00000000d5d00000)
  object space 59392K, 36% used [0x0000000081600000,0x0000000082b6c5e8,0x0000000085000000)
 Metaspace       used 34012K, capacity 35480K, committed 35496K, reserved 1081344K
  class space    used 4451K, capacity 4730K, committed 4736K, reserved 1048576K
Event: 4.259 GC heap after
Heap after GC invocations=7 (full 2):
 PSYoungGen      total 138240K, used 0K [0x00000000d5d00000, 0x00000000e1880000, 0x0000000100000000)
  eden space 133120K, 0% used [0x00000000d5d00000,0x00000000d5d00000,0x00000000ddf00000)
  from space 5120K, 0% used [0x00000000ddf00000,0x00000000ddf00000,0x00000000de400000)
  to   space 14848K, 0% used [0x00000000e0a00000,0x00000000e0a00000,0x00000000e1880000)
 ParOldGen       total 102400K, used 18760K [0x0000000081600000, 0x0000000087a00000, 0x00000000d5d00000)
  object space 102400K, 18% used [0x0000000081600000,0x0000000082852160,0x0000000087a00000)
 Metaspace       used 34012K, capacity 35480K, committed 35496K, reserved 1081344K
  class space    used 4451K, capacity 4730K, committed 4736K, reserved 1048576K
}

